proguard/seeds.txt
com.ab.view.listener.AbOnProgressListener
com.ab.view.listener.AbOnProgressListener: void onProgress(int)
com.ab.view.listener.AbOnProgressListener: void onComplete(int)
com.ab.view.listener.AbOnRefreshListener
com.ab.view.listener.AbOnRefreshListener: void onRefresh()
com.ab.view.listener.AbOnScrollListener
com.ab.view.listener.AbOnScrollListener: void onScroll(int)
com.ab.view.listener.AbOnScrollListener: void onScrollStoped()
com.ab.view.listener.AbOnScrollListener: void onScrollToLeft()
com.ab.view.listener.AbOnScrollListener: void onScrollToRight()
com.ab.view.listener.AbOnTouchListener
com.ab.view.listener.AbOnTouchListener: void onTouch(android.view.MotionEvent)
com.ab.view.progress.AbCircleProgressBar
com.ab.view.progress.AbCircleProgressBar: int progress
com.ab.view.progress.AbCircleProgressBar: int max
com.ab.view.progress.AbCircleProgressBar: android.graphics.Paint pathPaint
com.ab.view.progress.AbCircleProgressBar: android.graphics.Paint fillArcPaint
com.ab.view.progress.AbCircleProgressBar: android.graphics.RectF oval
com.ab.view.progress.AbCircleProgressBar: int[] arcColors
com.ab.view.progress.AbCircleProgressBar: int[] shadowsColors
com.ab.view.progress.AbCircleProgressBar: int pathColor
com.ab.view.progress.AbCircleProgressBar: int pathBorderColor
com.ab.view.progress.AbCircleProgressBar: int pathWidth
com.ab.view.progress.AbCircleProgressBar: int width
com.ab.view.progress.AbCircleProgressBar: int height
com.ab.view.progress.AbCircleProgressBar: int radius
com.ab.view.progress.AbCircleProgressBar: android.graphics.EmbossMaskFilter emboss
com.ab.view.progress.AbCircleProgressBar: float[] direction
com.ab.view.progress.AbCircleProgressBar: float light
com.ab.view.progress.AbCircleProgressBar: float specular
com.ab.view.progress.AbCircleProgressBar: float blur
com.ab.view.progress.AbCircleProgressBar: android.graphics.BlurMaskFilter mBlur
com.ab.view.progress.AbCircleProgressBar: com.ab.view.listener.AbOnProgressListener mAbOnProgressListener
com.ab.view.progress.AbCircleProgressBar: boolean reset
com.ab.view.progress.AbCircleProgressBar: AbCircleProgressBar(android.content.Context,android.util.AttributeSet)
com.ab.view.progress.AbHorizontalProgressBar
com.ab.view.progress.AbHorizontalProgressBar: int progress
com.ab.view.progress.AbHorizontalProgressBar: int max
com.ab.view.progress.AbHorizontalProgressBar: android.graphics.Paint pathPaint
com.ab.view.progress.AbHorizontalProgressBar: android.graphics.Paint fillPaint
com.ab.view.progress.AbHorizontalProgressBar: int pathWidth
com.ab.view.progress.AbHorizontalProgressBar: int width
com.ab.view.progress.AbHorizontalProgressBar: int height
com.ab.view.progress.AbHorizontalProgressBar: int pathColor
com.ab.view.progress.AbHorizontalProgressBar: int pathBorderColor
com.ab.view.progress.AbHorizontalProgressBar: int[] fillColors
com.ab.view.progress.AbHorizontalProgressBar: android.graphics.EmbossMaskFilter emboss
com.ab.view.progress.AbHorizontalProgressBar: float[] direction
com.ab.view.progress.AbHorizontalProgressBar: float light
com.ab.view.progress.AbHorizontalProgressBar: float specular
com.ab.view.progress.AbHorizontalProgressBar: float blur
com.ab.view.progress.AbHorizontalProgressBar: android.graphics.BlurMaskFilter mBlur
com.ab.view.progress.AbHorizontalProgressBar: com.ab.view.listener.AbOnProgressListener mAbOnProgressListener
com.ab.view.progress.AbHorizontalProgressBar: boolean reset
com.ab.view.progress.AbHorizontalProgressBar: int getProgress()
com.ab.view.progress.AbHorizontalProgressBar: void setProgress(int)
com.ab.view.progress.AbHorizontalProgressBar: int getMax()