proguard/mapping.txt
android.support.v4.app.FragmentActivity$1 -> android.support.v4.app.FragmentActivity$1:
    android.support.v4.app.FragmentActivity this$0 -> this$0
    void handleMessage(android.os.Message) -> handleMessage
android.support.v4.app.FragmentActivity$2 -> android.support.v4.app.FragmentActivity$2:
    android.support.v4.app.FragmentActivity this$0 -> this$0
    android.view.View findViewById(int) -> findViewById
android.support.v4.app.FragmentActivity$FragmentTag -> android.support.v4.app.FragmentActivity$FragmentTag:
    int[] Fragment -> Fragment
    int Fragment_id -> Fragment_id
    int Fragment_name -> Fragment_name
    int Fragment_tag -> Fragment_tag
android.support.v4.app.FragmentActivity$NonConfigurationInstances -> android.support.v4.app.FragmentActivity$NonConfigurationInstances:
    java.lang.Object activity -> activity
    java.lang.Object custom -> custom
    android.support.v4.util.SimpleArrayMap children -> children
    java.util.ArrayList fragments -> fragments
    android.support.v4.util.SimpleArrayMap loaders -> loaders
android.support.v4.app.FragmentContainer -> android.support.v4.app.FragmentContainer:
    android.view.View findViewById(int) -> findViewById
android.support.v4.app.FragmentManager -> android.support.v4.app.FragmentManager:
    int POP_BACK_STACK_INCLUSIVE -> POP_BACK_STACK_INCLUSIVE
    android.support.v4.app.FragmentTransaction beginTransaction() -> beginTransaction
    android.support.v4.app.FragmentTransaction openTransaction() -> openTransaction
    boolean executePendingTransactions() -> executePendingTransactions
    android.support.v4.app.Fragment findFragmentById(int) -> findFragmentById
    android.support.v4.app.Fragment findFragmentByTag(java.lang.String) -> findFragmentByTag
    void popBackStack() -> popBackStack
    boolean popBackStackImmediate() -> popBackStackImmediate
    void popBackStack(java.lang.String,int) -> popBackStack
    boolean popBackStackImmediate(java.lang.String,int) -> popBackStackImmediate
    void popBackStack(int,int) -> popBackStack
    boolean popBackStackImmediate(int,int) -> popBackStackImmediate
    int getBackStackEntryCount() -> getBackStackEntryCount
    android.support.v4.app.FragmentManager$BackStackEntry getBackStackEntryAt(int) -> getBackStackEntryAt
    void addOnBackStackChangedListener(android.support.v4.app.FragmentManager$OnBackStackChangedListener) -> addOnBackStackChangedListener
    void removeOnBackStackChangedListener(android.support.v4.app.FragmentManager$OnBackStackChangedListener) -> removeOnBackStackChangedListener
    void putFragment(android.os.Bundle,java.lang.String,android.support.v4.app.Fragment) -> putFragment
android.support.v4.app.FragmentManager$BackStackEntry -> android.support.v4.app.FragmentManager$BackStackEntry:
    int getId() -> getId
    java.lang.String getName() -> getName
    int getBreadCrumbTitleRes() -> getBreadCrumbTitleRes
    int getBreadCrumbShortTitleRes() -> getBreadCrumbShortTitleRes
    java.lang.CharSequence getBreadCrumbTitle() -> getBreadCrumbTitle
    java.lang.CharSequence getBreadCrumbShortTitle() -> getBreadCrumbShortTitle
android.support.v4.app.FragmentManager$OnBackStackChangedListener -> android.support.v4.app.FragmentManager$OnBackStackChangedListener:
    void onBackStackChanged() -> onBackStackChanged